# JRE version: Java(TM) SE Runtime Environment (15.0+36) (build 15+36-1562)
# Java VM: Java HotSpot(TM) 64-Bit Server VM (15+36-1562, mixed mode, sharing, tiered, compressed oops, g1 gc, windows-amd64)
GC Precious Log:
 CPUs: 8 total, 8 available
 Memory: 8037M
 Large Page Support: Disabled
 NUMA Support: Disabled
 Compressed Oops: Enabled (32-bit)
 Heap Region Size: 1M
 Heap Min Capacity: 8M
 Heap Initial Capacity: 126M
 Heap Max Capacity: 2010M
 Pre-touch: Disabled
 Parallel Workers: 8
 Concurrent Workers: 2
 Concurrent Refinement Workers: 8
 Periodic GC: Disabled
Heap:
 garbage-first heap   total 70656K, used 49042K [0x0000000082600000, 0x0000000100000000)
  region size 1024K, 26 young (26624K), 4 survivors (4096K)
 Metaspace       used 56286K, capacity 56760K, committed 56960K, reserved 1099776K
  class space    used 7362K, capacity 7538K, committed 7552K, reserved 1048576K
GC Heap History (20 events):
Event: 2.972 GC heap before
{Heap before GC invocations=5 (full 0):
 garbage-first heap   total 48128K, used 35888K [0x0000000082600000, 0x0000000100000000)
  region size 1024K, 28 young (28672K), 5 survivors (5120K)
 Metaspace       used 23207K, capacity 23525K, committed 23808K, reserved 1071104K
  class space    used 2898K, capacity 3002K, committed 3072K, reserved 1048576K
}
Event: 2.980 GC heap after
{Heap after GC invocations=6 (full 0):
 garbage-first heap   total 48128K, used 13354K [0x0000000082600000, 0x0000000100000000)
  region size 1024K, 2 young (2048K), 2 survivors (2048K)
 Metaspace       used 23207K, capacity 23525K, committed 23808K, reserved 1071104K
  class space    used 2898K, capacity 3002K, committed 3072K, reserved 1048576K
}
Event: 3.505 GC heap before
{Heap before GC invocations=6 (full 0):
 garbage-first heap   total 48128K, used 34858K [0x0000000082600000, 0x0000000100000000)
  region size 1024K, 23 young (23552K), 2 survivors (2048K)
 Metaspace       used 26464K, capacity 26766K, committed 27008K, reserved 1073152K
  class space    used 3343K, capacity 3433K, committed 3456K, reserved 1048576K
}
Event: 3.515 GC heap after
{Heap after GC invocations=7 (full 0):
 garbage-first heap   total 58368K, used 14892K [0x0000000082600000, 0x0000000100000000)
  region size 1024K, 3 young (3072K), 3 survivors (3072K)
 Metaspace       used 26464K, capacity 26766K, committed 27008K, reserved 1073152K
  class space    used 3343K, capacity 3433K, committed 3456K, reserved 1048576K
}
Event: 4.173 GC heap before
{Heap before GC invocations=7 (full 0):
 garbage-first heap   total 58368K, used 43564K [0x0000000082600000, 0x0000000100000000)
  region size 1024K, 31 young (31744K), 3 survivors (3072K)
 Metaspace       used 34871K, capacity 35302K, committed 35584K, reserved 1081344K
  class space    used 4336K, capacity 4483K, committed 4608K, reserved 1048576K
}
Event: 4.183 GC heap after
{Heap after GC invocations=8 (full 0):
 garbage-first heap   total 58368K, used 18836K [0x0000000082600000, 0x0000000100000000)
  region size 1024K, 4 young (4096K), 4 survivors (4096K)
 Metaspace       used 34871K, capacity 35302K, committed 35584K, reserved 1081344K
  class space    used 4336K, capacity 4483K, committed 4608K, reserved 1048576K
}
Event: 4.223 GC heap before
{Heap before GC invocations=8 (full 0):
 garbage-first heap   total 58368K, used 19860K [0x0000000082600000, 0x0000000100000000)
  region size 1024K, 6 young (6144K), 4 survivors (4096K)
 Metaspace       used 35402K, capacity 35750K, committed 35840K, reserved 1081344K
  class space    used 4398K, capacity 4547K, committed 4608K, reserved 1048576K
}
Event: 4.232 GC heap after
{Heap after GC invocations=9 (full 0):
 garbage-first heap   total 58368K, used 19814K [0x0000000082600000, 0x0000000100000000)
  region size 1024K, 1 young (1024K), 1 survivors (1024K)
 Metaspace       used 35402K, capacity 35750K, committed 35840K, reserved 1081344K
  class space    used 4398K, capacity 4547K, committed 4608K, reserved 1048576K
}
Event: 4.478 GC heap before
{Heap before GC invocations=10 (full 0):
 garbage-first heap   total 58368K, used 43366K [0x0000000082600000, 0x0000000100000000)
  region size 1024K, 25 young (25600K), 1 survivors (1024K)
 Metaspace       used 37921K, capacity 38317K, committed 38400K, reserved 1083392K
  class space    used 4697K, capacity 4843K, committed 4864K, reserved 1048576K
}
Event: 4.482 GC heap after
{Heap after GC invocations=11 (full 0):
 garbage-first heap   total 58368K, used 20903K [0x0000000082600000, 0x0000000100000000)
  region size 1024K, 2 young (2048K), 2 survivors (2048K)
 Metaspace       used 37921K, capacity 38317K, committed 38400K, reserved 1083392K
  class space    used 4697K, capacity 4843K, committed 4864K, reserved 1048576K
}
Event: 4.666 GC heap before
{Heap before GC invocations=11 (full 0):
 garbage-first heap   total 58368K, used 44455K [0x0000000082600000, 0x0000000100000000)
  region size 1024K, 25 young (25600K), 2 survivors (2048K)
 Metaspace       used 39445K, capacity 39871K, committed 39936K, reserved 1083392K
  class space    used 4958K, capacity 5102K, committed 5120K, reserved 1048576K
}
Event: 4.671 GC heap after
{Heap after GC invocations=12 (full 0):
 garbage-first heap   total 58368K, used 22661K [0x0000000082600000, 0x0000000100000000)
  region size 1024K, 4 young (4096K), 4 survivors (4096K)
 Metaspace       used 39445K, capacity 39871K, committed 39936K, reserved 1083392K
  class space    used 4958K, capacity 5102K, committed 5120K, reserved 1048576K
}
Event: 5.080 GC heap before
{Heap before GC invocations=12 (full 0):
 garbage-first heap   total 58368K, used 44165K [0x0000000082600000, 0x0000000100000000)
  region size 1024K, 25 young (25600K), 4 survivors (4096K)
 Metaspace       used 44124K, capacity 44549K, committed 44800K, reserved 1087488K
  class space    used 5720K, capacity 5872K, committed 5888K, reserved 1048576K
}
Event: 5.087 GC heap after
{Heap after GC invocations=13 (full 0):
 garbage-first heap   total 58368K, used 23814K [0x0000000082600000, 0x0000000100000000)
  region size 1024K, 3 young (3072K), 3 survivors (3072K)
 Metaspace       used 44124K, capacity 44549K, committed 44800K, reserved 1087488K
  class space    used 5720K, capacity 5872K, committed 5888K, reserved 1048576K
}
Event: 5.578 GC heap before
{Heap before GC invocations=13 (full 0):
 garbage-first heap   total 58368K, used 45318K [0x0000000082600000, 0x0000000100000000)
  region size 1024K, 24 young (24576K), 3 survivors (3072K)
 Metaspace       used 48811K, capacity 49287K, committed 49408K, reserved 1091584K
  class space    used 6432K, capacity 6591K, committed 6656K, reserved 1048576K
}
Event: 5.582 GC heap after
{Heap after GC invocations=14 (full 0):
 garbage-first heap   total 70656K, used 24892K [0x0000000082600000, 0x0000000100000000)
  region size 1024K, 2 young (2048K), 2 survivors (2048K)
 Metaspace       used 48811K, capacity 49287K, committed 49408K, reserved 1091584K
  class space    used 6432K, capacity 6591K, committed 6656K, reserved 1048576K
}
Event: 6.093 GC heap before
{Heap before GC invocations=14 (full 0):
 garbage-first heap   total 70656K, used 55612K [0x0000000082600000, 0x0000000100000000)
  region size 1024K, 32 young (32768K), 2 survivors (2048K)
 Metaspace       used 52723K, capacity 53197K, committed 53504K, reserved 1095680K
  class space    used 6935K, capacity 7105K, committed 7168K, reserved 1048576K
}
Event: 6.103 GC heap after
{Heap after GC invocations=15 (full 0):
 garbage-first heap   total 70656K, used 26976K [0x0000000082600000, 0x0000000100000000)
  region size 1024K, 4 young (4096K), 4 survivors (4096K)
 Metaspace       used 52723K, capacity 53197K, committed 53504K, reserved 1095680K
  class space    used 6935K, capacity 7105K, committed 7168K, reserved 1048576K
}
Event: 6.499 GC heap before
{Heap before GC invocations=15 (full 0):
 garbage-first heap   total 70656K, used 54624K [0x0000000082600000, 0x0000000100000000)
  region size 1024K, 32 young (32768K), 4 survivors (4096K)
 Metaspace       used 55019K, capacity 55511K, committed 55808K, reserved 1097728K
  class space    used 7161K, capacity 7337K, committed 7424K, reserved 1048576K
}
Event: 6.507 GC heap after
{Heap after GC invocations=16 (full 0):
 garbage-first heap   total 70656K, used 28562K [0x0000000082600000, 0x0000000100000000)
  region size 1024K, 4 young (4096K), 4 survivors (4096K)
 Metaspace       used 55019K, capacity 55511K, committed 55808K, reserved 1097728K
  class space    used 7161K, capacity 7337K, committed 7424K, reserved 1048576K
}

