# JRE version: Java(TM) SE Runtime Environment (15.0+36) (build 15+36-1562)
# Java VM: Java HotSpot(TM) 64-Bit Server VM (15+36-1562, mixed mode, sharing, tiered, compressed oops, g1 gc, windows-amd64)
GC Precious Log:
 CPUs: 8 total, 8 available
 Memory: 8037M
 Large Page Support: Disabled
 NUMA Support: Disabled
 Compressed Oops: Enabled (32-bit)
 Heap Region Size: 1M
 Heap Min Capacity: 8M
 Heap Initial Capacity: 126M
 Heap Max Capacity: 2010M
 Pre-touch: Disabled
 Parallel Workers: 8
 Concurrent Workers: 2
 Concurrent Refinement Workers: 8
 Periodic GC: Disabled
Heap:
 garbage-first heap   total 70656K, used 50260K [0x0000000082600000, 0x0000000100000000)
  region size 1024K, 26 young (26624K), 4 survivors (4096K)
 Metaspace       used 57617K, capacity 58080K, committed 58364K, reserved 1099776K
  class space    used 7457K, capacity 7637K, committed 7756K, reserved 1048576K
GC Heap History (20 events):
Event: 3.291 GC heap before
{Heap before GC invocations=5 (full 0):
 garbage-first heap   total 48128K, used 34948K [0x0000000082600000, 0x0000000100000000)
  region size 1024K, 28 young (28672K), 6 survivors (6144K)
 Metaspace       used 22926K, capacity 23206K, committed 23344K, reserved 1069056K
  class space    used 2842K, capacity 2939K, committed 2944K, reserved 1048576K
}
Event: 3.302 GC heap after
{Heap after GC invocations=6 (full 0):
 garbage-first heap   total 58368K, used 12973K [0x0000000082600000, 0x0000000100000000)
  region size 1024K, 2 young (2048K), 2 survivors (2048K)
 Metaspace       used 22926K, capacity 23206K, committed 23344K, reserved 1069056K
  class space    used 2842K, capacity 2939K, committed 2944K, reserved 1048576K
}
Event: 3.946 GC heap before
{Heap before GC invocations=6 (full 0):
 garbage-first heap   total 58368K, used 43693K [0x0000000082600000, 0x0000000100000000)
  region size 1024K, 32 young (32768K), 2 survivors (2048K)
 Metaspace       used 27136K, capacity 27535K, committed 27824K, reserved 1073152K
  class space    used 3402K, capacity 3540K, committed 3584K, reserved 1048576K
}
Event: 3.959 GC heap after
{Heap after GC invocations=7 (full 0):
 garbage-first heap   total 58368K, used 15089K [0x0000000082600000, 0x0000000100000000)
  region size 1024K, 4 young (4096K), 4 survivors (4096K)
 Metaspace       used 27136K, capacity 27535K, committed 27824K, reserved 1073152K
  class space    used 3402K, capacity 3540K, committed 3584K, reserved 1048576K
}
Event: 4.731 GC heap before
{Heap before GC invocations=7 (full 0):
 garbage-first heap   total 58368K, used 43761K [0x0000000082600000, 0x0000000100000000)
  region size 1024K, 32 young (32768K), 4 survivors (4096K)
 Metaspace       used 35226K, capacity 35612K, committed 35708K, reserved 1081344K
  class space    used 4329K, capacity 4482K, committed 4556K, reserved 1048576K
}
Event: 4.741 GC heap after
{Heap after GC invocations=8 (full 0):
 garbage-first heap   total 58368K, used 18434K [0x0000000082600000, 0x0000000100000000)
  region size 1024K, 4 young (4096K), 4 survivors (4096K)
 Metaspace       used 35226K, capacity 35612K, committed 35708K, reserved 1081344K
  class space    used 4329K, capacity 4482K, committed 4556K, reserved 1048576K
}
Event: 4.744 GC heap before
{Heap before GC invocations=8 (full 0):
 garbage-first heap   total 58368K, used 18434K [0x0000000082600000, 0x0000000100000000)
  region size 1024K, 5 young (5120K), 4 survivors (4096K)
 Metaspace       used 35267K, capacity 35612K, committed 35708K, reserved 1081344K
  class space    used 4334K, capacity 4482K, committed 4556K, reserved 1048576K
}
Event: 4.750 GC heap after
{Heap after GC invocations=9 (full 0):
 garbage-first heap   total 58368K, used 18943K [0x0000000082600000, 0x0000000100000000)
  region size 1024K, 1 young (1024K), 1 survivors (1024K)
 Metaspace       used 35267K, capacity 35612K, committed 35708K, reserved 1081344K
  class space    used 4334K, capacity 4482K, committed 4556K, reserved 1048576K
}
Event: 5.050 GC heap before
{Heap before GC invocations=10 (full 0):
 garbage-first heap   total 58368K, used 43519K [0x0000000082600000, 0x0000000100000000)
  region size 1024K, 26 young (26624K), 1 survivors (1024K)
 Metaspace       used 37683K, capacity 38121K, committed 38268K, reserved 1083392K
  class space    used 4605K, capacity 4778K, committed 4812K, reserved 1048576K
}
Event: 5.055 GC heap after
{Heap after GC invocations=11 (full 0):
 garbage-first heap   total 58368K, used 20373K [0x0000000082600000, 0x0000000100000000)
  region size 1024K, 2 young (2048K), 2 survivors (2048K)
 Metaspace       used 37683K, capacity 38121K, committed 38268K, reserved 1083392K
  class space    used 4605K, capacity 4778K, committed 4812K, reserved 1048576K
}
Event: 5.233 GC heap before
{Heap before GC invocations=11 (full 0):
 garbage-first heap   total 58368K, used 44949K [0x0000000082600000, 0x0000000100000000)
  region size 1024K, 26 young (26624K), 2 survivors (2048K)
 Metaspace       used 39019K, capacity 39419K, committed 39548K, reserved 1083392K
  class space    used 4811K, capacity 4974K, committed 5068K, reserved 1048576K
}
Event: 5.238 GC heap after
{Heap after GC invocations=12 (full 0):
 garbage-first heap   total 70656K, used 22360K [0x0000000082600000, 0x0000000100000000)
  region size 1024K, 4 young (4096K), 4 survivors (4096K)
 Metaspace       used 39019K, capacity 39419K, committed 39548K, reserved 1083392K
  class space    used 4811K, capacity 4974K, committed 5068K, reserved 1048576K
}
Event: 5.895 GC heap before
{Heap before GC invocations=12 (full 0):
 garbage-first heap   total 70656K, used 54104K [0x0000000082600000, 0x0000000100000000)
  region size 1024K, 35 young (35840K), 4 survivors (4096K)
 Metaspace       used 45262K, capacity 45671K, committed 45948K, reserved 1089536K
  class space    used 5802K, capacity 5969K, committed 6092K, reserved 1048576K
}
Event: 5.903 GC heap after
{Heap after GC invocations=13 (full 0):
 garbage-first heap   total 70656K, used 23585K [0x0000000082600000, 0x0000000100000000)
  region size 1024K, 4 young (4096K), 4 survivors (4096K)
 Metaspace       used 45262K, capacity 45671K, committed 45948K, reserved 1089536K
  class space    used 5802K, capacity 5969K, committed 6092K, reserved 1048576K
}
Event: 6.589 GC heap before
{Heap before GC invocations=13 (full 0):
 garbage-first heap   total 70656K, used 55329K [0x0000000082600000, 0x0000000100000000)
  region size 1024K, 35 young (35840K), 4 survivors (4096K)
 Metaspace       used 50407K, capacity 50921K, committed 51068K, reserved 1093632K
  class space    used 6553K, capacity 6752K, committed 6860K, reserved 1048576K
}
Event: 6.597 GC heap after
{Heap after GC invocations=14 (full 0):
 garbage-first heap   total 70656K, used 25358K [0x0000000082600000, 0x0000000100000000)
  region size 1024K, 4 young (4096K), 4 survivors (4096K)
 Metaspace       used 50407K, capacity 50921K, committed 51068K, reserved 1093632K
  class space    used 6553K, capacity 6752K, committed 6860K, reserved 1048576K
}
Event: 7.063 GC heap before
{Heap before GC invocations=14 (full 0):
 garbage-first heap   total 70656K, used 55054K [0x0000000082600000, 0x0000000100000000)
  region size 1024K, 33 young (33792K), 4 survivors (4096K)
 Metaspace       used 53564K, capacity 54014K, committed 54268K, reserved 1095680K
  class space    used 6955K, capacity 7141K, committed 7244K, reserved 1048576K
}
Event: 7.075 GC heap after
{Heap after GC invocations=15 (full 0):
 garbage-first heap   total 70656K, used 26782K [0x0000000082600000, 0x0000000100000000)
  region size 1024K, 3 young (3072K), 3 survivors (3072K)
 Metaspace       used 53564K, capacity 54014K, committed 54268K, reserved 1095680K
  class space    used 6955K, capacity 7141K, committed 7244K, reserved 1048576K
}
Event: 7.554 GC heap before
{Heap before GC invocations=15 (full 0):
 garbage-first heap   total 70656K, used 56478K [0x0000000082600000, 0x0000000100000000)
  region size 1024K, 32 young (32768K), 3 survivors (3072K)
 Metaspace       used 56211K, capacity 56690K, committed 56828K, reserved 1099776K
  class space    used 7274K, capacity 7474K, committed 7500K, reserved 1048576K
}
Event: 7.565 GC heap after
{Heap after GC invocations=16 (full 0):
 garbage-first heap   total 70656K, used 28756K [0x0000000082600000, 0x0000000100000000)
  region size 1024K, 4 young (4096K), 4 survivors (4096K)
 Metaspace       used 56211K, capacity 56690K, committed 56828K, reserved 1099776K
  class space    used 7274K, capacity 7474K, committed 7500K, reserved 1048576K
}

